<?xml version="1.0" encoding="UTF-8"?>
<!-- Generated by org.testng.reporters.JUnitReportReporter -->
<testsuite hostname="DESKTOP-A6LNTTJ" failures="0" tests="1" name="UserManagementTest.UserManagementTAdminTest" time="104.289" errors="0" timestamp="2023-05-19T11:37:23 IST" skipped="0">
  <testcase classname="UserManagementTest.UserManagementTAdminTest" name="validateEditDataOperator" time="104.289"/>
  <system-out/>
</testsuite> <!-- UserManagementTest.UserManagementTAdminTest -->
