<?xml version="1.0" encoding="UTF-8"?>
<!-- Generated by org.testng.reporters.JUnitReportReporter -->
<testsuite hostname="DESKTOP-A6LNTTJ" failures="0" tests="1" name="UserManagementTest.UserManagementOAdminTest" time="126.326" errors="0" timestamp="2023-05-22T14:02:09 IST" skipped="0">
  <testcase classname="UserManagementTest.UserManagementOAdminTest" name="validateEditDataOperator" time="126.326"/>
  <system-out/>
</testsuite> <!-- UserManagementTest.UserManagementOAdminTest -->
