<?xml version="1.0" encoding="UTF-8"?>
<!-- Generated by org.testng.reporters.JUnitReportReporter -->
<testsuite hostname="DESKTOP-A6LNTTJ" failures="0" tests="1" name="Test.feeManagementSuperAdminTest" time="96.677" errors="0" timestamp="2023-01-18T13:03:40 IST" skipped="0">
  <testcase classname="Test.feeManagementSuperAdminTest" name="RecentActivityLogs" time="96.677"/>
  <system-out/>
</testsuite> <!-- Test.feeManagementSuperAdminTest -->
