<?xml version="1.0" encoding="UTF-8"?>
<!-- Generated by org.testng.reporters.JUnitReportReporter -->
<testsuite hostname="DESKTOP-A6LNTTJ" failures="0" tests="1" name="UserManagementTest.UserManagementSuperAdminTest" time="81.209" errors="0" timestamp="2023-05-18T14:39:11 IST" skipped="0">
  <testcase classname="UserManagementTest.UserManagementSuperAdminTest" name="validateUnassignedViewAllPage" time="81.209"/>
  <system-out/>
</testsuite> <!-- UserManagementTest.UserManagementSuperAdminTest -->
