<?xml version="1.0" encoding="UTF-8"?>
<!-- Generated by org.testng.reporters.JUnitReportReporter -->
<testsuite hostname="DESKTOP-A6LNTTJ" failures="0" tests="1" name="UserManagementTest.UserManagementTFeeManagerTest" time="84.552" errors="0" timestamp="2023-05-19T13:40:20 IST" skipped="0">
  <testcase classname="UserManagementTest.UserManagementTFeeManagerTest" name="validateUnassignedViewAllPage" time="84.552"/>
  <system-out/>
</testsuite> <!-- UserManagementTest.UserManagementTFeeManagerTest -->
