<?xml version="1.0" encoding="UTF-8"?>
<!-- Generated by org.testng.reporters.JUnitReportReporter -->
<testsuite hostname="DESKTOP-A6LNTTJ" failures="0" tests="1" name="Test.ClassroomsTest" time="34.096" errors="0" timestamp="2023-05-11T16:03:10 IST" skipped="0">
  <testcase classname="Test.ClassroomsTest" name="CreateaNewClass" time="34.096"/>
  <system-out/>
</testsuite> <!-- Test.ClassroomsTest -->
