<?xml version="1.0" encoding="UTF-8"?>
<!-- Generated by org.testng.reporters.JUnitReportReporter -->
<testsuite hostname="DESKTOP-A6LNTTJ" failures="0" tests="10" name="UserManagementTest.UserManagementDFeeManagerTest" time="409.466" errors="0" timestamp="2023-05-22T11:06:41 IST" skipped="0">
  <testcase classname="UserManagementTest.UserManagementDFeeManagerTest" name="validateUserManagementPage" time="87.924"/>
  <system-out/>
  <testcase classname="UserManagementTest.UserManagementDFeeManagerTest" name="validateTeacherGrowthSummary" time="19.638"/>
  <system-out/>
  <testcase classname="UserManagementTest.UserManagementDFeeManagerTest" name="validateSortingTeacherandSearch" time="38.299"/>
  <system-out/>
  <testcase classname="UserManagementTest.UserManagementDFeeManagerTest" name="validateDataOperatorGrowthSummary" time="19.448"/>
  <system-out/>
  <testcase classname="UserManagementTest.UserManagementDFeeManagerTest" name="validateSortingDataOperatorandSearch" time="38.026"/>
  <system-out/>
  <testcase classname="UserManagementTest.UserManagementDFeeManagerTest" name="validateOperationGrowthSummary" time="27.657"/>
  <system-out/>
  <testcase classname="UserManagementTest.UserManagementDFeeManagerTest" name="validateSortingOperationandSearch" time="46.313"/>
  <system-out/>
  <testcase classname="UserManagementTest.UserManagementDFeeManagerTest" name="ChangeUsers" time="32.685"/>
  <system-out/>
  <testcase classname="UserManagementTest.UserManagementDFeeManagerTest" name="validateStudentGrowthSummary" time="21.792"/>
  <system-out/>
  <testcase classname="UserManagementTest.UserManagementDFeeManagerTest" name="validateUnassignedViewAllPage" time="77.684"/>
  <system-out/>
</testsuite> <!-- UserManagementTest.UserManagementDFeeManagerTest -->
