<?xml version="1.0" encoding="UTF-8"?>
<!-- Generated by org.testng.reporters.JUnitReportReporter -->
<testsuite hostname="DESKTOP-A6LNTTJ" failures="0" tests="25" name="UserManagementTest.UserManagementDAdminTest" time="1373.577" errors="0" timestamp="2023-05-22T10:48:57 IST" skipped="0">
  <testcase classname="UserManagementTest.UserManagementDAdminTest" name="userCreations" time="182.942"/>
  <system-out/>
  <testcase classname="UserManagementTest.UserManagementDAdminTest" name="validateUserManagementPage" time="88.297"/>
  <system-out/>
  <testcase classname="UserManagementTest.UserManagementDAdminTest" name="registrationRequestsApprovals" time="37.932"/>
  <system-out/>
  <testcase classname="UserManagementTest.UserManagementDAdminTest" name="validateRegistrationRequestsPage" time="94.262"/>
  <system-out/>
  <testcase classname="UserManagementTest.UserManagementDAdminTest" name="validateTeacherCreation" time="28.756"/>
  <system-out/>
  <testcase classname="UserManagementTest.UserManagementDAdminTest" name="validateEditTeacher" time="93.284"/>
  <system-out/>
  <testcase classname="UserManagementTest.UserManagementDAdminTest" name="validateTeacherDeletion" time="27.595"/>
  <system-out/>
  <testcase classname="UserManagementTest.UserManagementDAdminTest" name="validateTeacherGrowthSummary" time="19.658"/>
  <system-out/>
  <testcase classname="UserManagementTest.UserManagementDAdminTest" name="validateSortingTeacherandSearch" time="38.341"/>
  <system-out/>
  <testcase classname="UserManagementTest.UserManagementDAdminTest" name="validateDataOperatorCreation" time="28.692"/>
  <system-out/>
  <testcase classname="UserManagementTest.UserManagementDAdminTest" name="validateEditDataOperator" time="92.950"/>
  <system-out/>
  <testcase classname="UserManagementTest.UserManagementDAdminTest" name="validateDataOperatorDeletion" time="27.698"/>
  <system-out/>
  <testcase classname="UserManagementTest.UserManagementDAdminTest" name="validateDataOperatorGrowthSummary" time="19.983"/>
  <system-out/>
  <testcase classname="UserManagementTest.UserManagementDAdminTest" name="validateSortingDataOperatorandSearch" time="38.318"/>
  <system-out/>
  <testcase classname="UserManagementTest.UserManagementDAdminTest" name="validateOperationCreation" time="36.671"/>
  <system-out/>
  <testcase classname="UserManagementTest.UserManagementDAdminTest" name="validateEditOperation" time="100.805"/>
  <system-out/>
  <testcase classname="UserManagementTest.UserManagementDAdminTest" name="validateOperationDeletion" time="36.036"/>
  <system-out/>
  <testcase classname="UserManagementTest.UserManagementDAdminTest" name="validateOperationGrowthSummary" time="27.700"/>
  <system-out/>
  <testcase classname="UserManagementTest.UserManagementDAdminTest" name="validateSortingOperationandSearch" time="46.239"/>
  <system-out/>
  <testcase classname="UserManagementTest.UserManagementDAdminTest" name="ChangeUsers" time="32.578"/>
  <system-out/>
  <testcase classname="UserManagementTest.UserManagementDAdminTest" name="validateStudentCreation" time="30.800"/>
  <system-out/>
  <testcase classname="UserManagementTest.UserManagementDAdminTest" name="validateEditStudentProfile" time="115.737"/>
  <system-out/>
  <testcase classname="UserManagementTest.UserManagementDAdminTest" name="validateStudentDeletion" time="29.467"/>
  <system-out/>
  <testcase classname="UserManagementTest.UserManagementDAdminTest" name="validateStudentGrowthSummary" time="21.962"/>
  <system-out/>
  <testcase classname="UserManagementTest.UserManagementDAdminTest" name="validateUnassignedViewAllPage" time="76.874"/>
  <system-out/>
</testsuite> <!-- UserManagementTest.UserManagementDAdminTest -->
